<?xml version="1.0" encoding="UTF-8"?>
<!-- Generated by org.testng.reporters.JUnitReportReporter -->
<testsuite skipped="0" hostname="DESKTOP-F1VMUG2" name="automationtask.tugas.ApiTest" tests="1" failures="0" timestamp="21 Oct 2021 08:00:51 GMT" time="3.678" errors="0">
  <testcase name="signUp" time="3.678" classname="automationtask.tugas.ApiTest"/>
</testsuite> <!-- automationtask.tugas.ApiTest -->
