<?xml version="1.0" encoding="UTF-8"?>
<!-- Generated by org.testng.reporters.JUnitReportReporter -->
<testsuite skipped="0" hostname="DESKTOP-F1VMUG2" name="automationtask.tugas.AppTest" tests="1" failures="0" timestamp="21 Oct 2021 08:13:53 GMT" time="18.023" errors="0">
  <testcase name="TugasMakeMyTripToAndFrom" time="18.023" classname="automationtask.tugas.AppTest"/>
</testsuite> <!-- automationtask.tugas.AppTest -->
